# JRE version: Java(TM) SE Runtime Environment (8.0_31-b13) (build 1.8.0_31-b13)
# Java VM: Java HotSpot(TM) 64-Bit Server VM (25.31-b07 mixed mode windows-amd64 compressed oops)
Heap:
 PSYoungGen      total 288768K, used 7182K [0x00000000d6380000, 0x00000000e9480000, 0x0000000100000000)
  eden space 273408K, 2% used [0x00000000d6380000,0x00000000d6a83a28,0x00000000e6e80000)
  from space 15360K, 0% used [0x00000000e6e80000,0x00000000e6e80000,0x00000000e7d80000)
  to   space 17408K, 0% used [0x00000000e8380000,0x00000000e8380000,0x00000000e9480000)
 ParOldGen       total 86528K, used 28183K [0x0000000082a00000, 0x0000000087e80000, 0x00000000d6380000)
  object space 86528K, 32% used [0x0000000082a00000,0x0000000084585f00,0x0000000087e80000)
 Metaspace       used 54682K, capacity 57370K, committed 58280K, reserved 1105920K
  class space    used 7562K, capacity 7994K, committed 8112K, reserved 1048576K
GC Heap History (10 events):
Event: 12.224 GC heap before
{Heap before GC invocations=20 (full 5):
 PSYoungGen      total 288768K, used 0K [0x00000000d6380000, 0x00000000e9600000, 0x0000000100000000)
  eden space 273408K, 0% used [0x00000000d6380000,0x00000000d6380000,0x00000000e6e80000)
  from space 15360K, 0% used [0x00000000e6e80000,0x00000000e6e80000,0x00000000e7d80000)
  to   space 14848K, 0% used [0x00000000e7d80000,0x00000000e7d80000,0x00000000e8c00000)
 ParOldGen       total 86528K, used 36132K [0x0000000082a00000, 0x0000000087e80000, 0x00000000d6380000)
  object space 86528K, 41% used [0x0000000082a00000,0x0000000084d49388,0x0000000087e80000)
 Metaspace       used 55068K, capacity 57930K, committed 58024K, reserved 1110016K
  class space    used 7620K, capacity 8098K, committed 8112K, reserved 1048576K
Event: 12.401 GC heap after
Heap after GC invocations=20 (full 5):
 PSYoungGen      total 288768K, used 0K [0x00000000d6380000, 0x00000000e9600000, 0x0000000100000000)
  eden space 273408K, 0% used [0x00000000d6380000,0x00000000d6380000,0x00000000e6e80000)
  from space 15360K, 0% used [0x00000000e6e80000,0x00000000e6e80000,0x00000000e7d80000)
  to   space 14848K, 0% used [0x00000000e7d80000,0x00000000e7d80000,0x00000000e8c00000)
 ParOldGen       total 86528K, used 28173K [0x0000000082a00000, 0x0000000087e80000, 0x00000000d6380000)
  object space 86528K, 32% used [0x0000000082a00000,0x00000000845837c0,0x0000000087e80000)
 Metaspace       used 54664K, capacity 57282K, committed 58024K, reserved 1105920K
  class space    used 7560K, capacity 7990K, committed 8112K, reserved 1048576K
}
Event: 12.402 GC heap before
{Heap before GC invocations=21 (full 5):
 PSYoungGen      total 288768K, used 6375K [0x00000000d6380000, 0x00000000e9600000, 0x0000000100000000)
  eden space 273408K, 2% used [0x00000000d6380000,0x00000000d69b9d68,0x00000000e6e80000)
  from space 15360K, 0% used [0x00000000e6e80000,0x00000000e6e80000,0x00000000e7d80000)
  to   space 14848K, 0% used [0x00000000e7d80000,0x00000000e7d80000,0x00000000e8c00000)
 ParOldGen       total 86528K, used 28173K [0x0000000082a00000, 0x0000000087e80000, 0x00000000d6380000)
  object space 86528K, 32% used [0x0000000082a00000,0x00000000845837c0,0x0000000087e80000)
 Metaspace       used 54665K, capacity 57282K, committed 58024K, reserved 1112064K
  class space    used 7560K, capacity 7990K, committed 8112K, reserved 1048576K
Event: 12.405 GC heap after
Heap after GC invocations=21 (full 5):
 PSYoungGen      total 288256K, used 192K [0x00000000d6380000, 0x00000000e9600000, 0x0000000100000000)
  eden space 273408K, 0% used [0x00000000d6380000,0x00000000d6380000,0x00000000e6e80000)
  from space 14848K, 1% used [0x00000000e7d80000,0x00000000e7db0000,0x00000000e8c00000)
  to   space 15360K, 0% used [0x00000000e6e80000,0x00000000e6e80000,0x00000000e7d80000)
 ParOldGen       total 86528K, used 28173K [0x0000000082a00000, 0x0000000087e80000, 0x00000000d6380000)
  object space 86528K, 32% used [0x0000000082a00000,0x00000000845837c0,0x0000000087e80000)
 Metaspace       used 54665K, capacity 57282K, committed 58024K, reserved 1112064K
  class space    used 7560K, capacity 7990K, committed 8112K, reserved 1048576K
}
Event: 12.405 GC heap before
{Heap before GC invocations=22 (full 6):
 PSYoungGen      total 288256K, used 192K [0x00000000d6380000, 0x00000000e9600000, 0x0000000100000000)
  eden space 273408K, 0% used [0x00000000d6380000,0x00000000d6380000,0x00000000e6e80000)
  from space 14848K, 1% used [0x00000000e7d80000,0x00000000e7db0000,0x00000000e8c00000)
  to   space 15360K, 0% used [0x00000000e6e80000,0x00000000e6e80000,0x00000000e7d80000)
 ParOldGen       total 86528K, used 28173K [0x0000000082a00000, 0x0000000087e80000, 0x00000000d6380000)
  object space 86528K, 32% used [0x0000000082a00000,0x00000000845837c0,0x0000000087e80000)
 Metaspace       used 54665K, capacity 57282K, committed 58024K, reserved 1112064K
  class space    used 7560K, capacity 7990K, committed 8112K, reserved 1048576K
Event: 12.486 GC heap after
Heap after GC invocations=22 (full 6):
 PSYoungGen      total 288256K, used 0K [0x00000000d6380000, 0x00000000e9600000, 0x0000000100000000)
  eden space 273408K, 0% used [0x00000000d6380000,0x00000000d6380000,0x00000000e6e80000)
  from space 14848K, 0% used [0x00000000e7d80000,0x00000000e7d80000,0x00000000e8c00000)
  to   space 15360K, 0% used [0x00000000e6e80000,0x00000000e6e80000,0x00000000e7d80000)
 ParOldGen       total 86528K, used 28185K [0x0000000082a00000, 0x0000000087e80000, 0x00000000d6380000)
  object space 86528K, 32% used [0x0000000082a00000,0x00000000845864a8,0x0000000087e80000)
 Metaspace       used 54665K, capacity 57282K, committed 58024K, reserved 1105920K
  class space    used 7560K, capacity 7990K, committed 8112K, reserved 1048576K
}
Event: 12.486 GC heap before
{Heap before GC invocations=23 (full 6):
 PSYoungGen      total 288256K, used 0K [0x00000000d6380000, 0x00000000e9600000, 0x0000000100000000)
  eden space 273408K, 0% used [0x00000000d6380000,0x00000000d6380000,0x00000000e6e80000)
  from space 14848K, 0% used [0x00000000e7d80000,0x00000000e7d80000,0x00000000e8c00000)
  to   space 15360K, 0% used [0x00000000e6e80000,0x00000000e6e80000,0x00000000e7d80000)
 ParOldGen       total 86528K, used 28185K [0x0000000082a00000, 0x0000000087e80000, 0x00000000d6380000)
  object space 86528K, 32% used [0x0000000082a00000,0x00000000845864a8,0x0000000087e80000)
 Metaspace       used 54665K, capacity 57282K, committed 58024K, reserved 1110016K
  class space    used 7560K, capacity 7990K, committed 8112K, reserved 1048576K
Event: 12.488 GC heap after
Heap after GC invocations=23 (full 6):
 PSYoungGen      total 288768K, used 0K [0x00000000d6380000, 0x00000000e9480000, 0x0000000100000000)
  eden space 273408K, 0% used [0x00000000d6380000,0x00000000d6380000,0x00000000e6e80000)
  from space 15360K, 0% used [0x00000000e6e80000,0x00000000e6e80000,0x00000000e7d80000)
  to   space 17408K, 0% used [0x00000000e8380000,0x00000000e8380000,0x00000000e9480000)
 ParOldGen       total 86528K, used 28185K [0x0000000082a00000, 0x0000000087e80000, 0x00000000d6380000)
  object space 86528K, 32% used [0x0000000082a00000,0x00000000845864a8,0x0000000087e80000)
 Metaspace       used 54665K, capacity 57282K, committed 58024K, reserved 1110016K
  class space    used 7560K, capacity 7990K, committed 8112K, reserved 1048576K
}
Event: 12.489 GC heap before
{Heap before GC invocations=24 (full 7):
 PSYoungGen      total 288768K, used 0K [0x00000000d6380000, 0x00000000e9480000, 0x0000000100000000)
  eden space 273408K, 0% used [0x00000000d6380000,0x00000000d6380000,0x00000000e6e80000)
  from space 15360K, 0% used [0x00000000e6e80000,0x00000000e6e80000,0x00000000e7d80000)
  to   space 17408K, 0% used [0x00000000e8380000,0x00000000e8380000,0x00000000e9480000)
 ParOldGen       total 86528K, used 28185K [0x0000000082a00000, 0x0000000087e80000, 0x00000000d6380000)
  object space 86528K, 32% used [0x0000000082a00000,0x00000000845864a8,0x0000000087e80000)
 Metaspace       used 54665K, capacity 57282K, committed 58024K, reserved 1110016K
  class space    used 7560K, capacity 7990K, committed 8112K, reserved 1048576K
Event: 12.564 GC heap after
Heap after GC invocations=24 (full 7):
 PSYoungGen      total 288768K, used 0K [0x00000000d6380000, 0x00000000e9480000, 0x0000000100000000)
  eden space 273408K, 0% used [0x00000000d6380000,0x00000000d6380000,0x00000000e6e80000)
  from space 15360K, 0% used [0x00000000e6e80000,0x00000000e6e80000,0x00000000e7d80000)
  to   space 17408K, 0% used [0x00000000e8380000,0x00000000e8380000,0x00000000e9480000)
 ParOldGen       total 86528K, used 28183K [0x0000000082a00000, 0x0000000087e80000, 0x00000000d6380000)
  object space 86528K, 32% used [0x0000000082a00000,0x0000000084585f00,0x0000000087e80000)
 Metaspace       used 54665K, capacity 57282K, committed 58024K, reserved 1105920K
  class space    used 7560K, capacity 7990K, committed 8112K, reserved 1048576K
}

