# JRE version: Java(TM) SE Runtime Environment (8.0_31-b13) (build 1.8.0_31-b13)
# Java VM: Java HotSpot(TM) 64-Bit Server VM (25.31-b07 mixed mode windows-amd64 compressed oops)
Heap:
 PSYoungGen      total 263168K, used 7316K [0x00000000d6380000, 0x00000000ea280000, 0x0000000100000000)
  eden space 246784K, 0% used [0x00000000d6380000,0x00000000d6380000,0x00000000e5480000)
  from space 16384K, 44% used [0x00000000e9280000,0x00000000e99a5218,0x00000000ea280000)
  to   space 14848K, 0% used [0x00000000e5480000,0x00000000e5480000,0x00000000e6300000)
 ParOldGen       total 85504K, used 40018K [0x0000000082a00000, 0x0000000087d80000, 0x00000000d6380000)
  object space 85504K, 46% used [0x0000000082a00000,0x0000000085114818,0x0000000087d80000)
 Metaspace       used 56119K, capacity 58658K, committed 58752K, reserved 1103872K
  class space    used 7578K, capacity 8009K, committed 8064K, reserved 1048576K
GC Heap History (10 events):
Event: 6.136 GC heap after
Heap after GC invocations=12 (full 2):
 PSYoungGen      total 241664K, used 9927K [0x00000000d6380000, 0x00000000e7180000, 0x0000000100000000)
  eden space 231424K, 0% used [0x00000000d6380000,0x00000000d6380000,0x00000000e4580000)
  from space 10240K, 96% used [0x00000000e6780000,0x00000000e7131e98,0x00000000e7180000)
  to   space 14848K, 0% used [0x00000000e5480000,0x00000000e5480000,0x00000000e6300000)
 ParOldGen       total 85504K, used 18218K [0x0000000082a00000, 0x0000000087d80000, 0x00000000d6380000)
  object space 85504K, 21% used [0x0000000082a00000,0x0000000083bcabe8,0x0000000087d80000)
 Metaspace       used 39597K, capacity 41192K, committed 41344K, reserved 1085440K
  class space    used 5361K, capacity 5658K, committed 5760K, reserved 1048576K
}
Event: 8.156 GC heap before
{Heap before GC invocations=13 (full 2):
 PSYoungGen      total 241664K, used 241351K [0x00000000d6380000, 0x00000000e7180000, 0x0000000100000000)
  eden space 231424K, 100% used [0x00000000d6380000,0x00000000e4580000,0x00000000e4580000)
  from space 10240K, 96% used [0x00000000e6780000,0x00000000e7131e98,0x00000000e7180000)
  to   space 14848K, 0% used [0x00000000e5480000,0x00000000e5480000,0x00000000e6300000)
 ParOldGen       total 85504K, used 18218K [0x0000000082a00000, 0x0000000087d80000, 0x00000000d6380000)
  object space 85504K, 21% used [0x0000000082a00000,0x0000000083bcabe8,0x0000000087d80000)
 Metaspace       used 45311K, capacity 47080K, committed 47360K, reserved 1089536K
  class space    used 6032K, capacity 6365K, committed 6400K, reserved 1048576K
Event: 8.169 GC heap after
Heap after GC invocations=13 (full 2):
 PSYoungGen      total 261632K, used 14836K [0x00000000d6380000, 0x00000000ea280000, 0x0000000100000000)
  eden space 246784K, 0% used [0x00000000d6380000,0x00000000d6380000,0x00000000e5480000)
  from space 14848K, 99% used [0x00000000e5480000,0x00000000e62fd0f0,0x00000000e6300000)
  to   space 16384K, 0% used [0x00000000e9280000,0x00000000e9280000,0x00000000ea280000)
 ParOldGen       total 85504K, used 18554K [0x0000000082a00000, 0x0000000087d80000, 0x00000000d6380000)
  object space 85504K, 21% used [0x0000000082a00000,0x0000000083c1ea20,0x0000000087d80000)
 Metaspace       used 45311K, capacity 47080K, committed 47360K, reserved 1089536K
  class space    used 6032K, capacity 6365K, committed 6400K, reserved 1048576K
}
Event: 9.118 GC heap before
{Heap before GC invocations=14 (full 2):
 PSYoungGen      total 261632K, used 261620K [0x00000000d6380000, 0x00000000ea280000, 0x0000000100000000)
  eden space 246784K, 100% used [0x00000000d6380000,0x00000000e5480000,0x00000000e5480000)
  from space 14848K, 99% used [0x00000000e5480000,0x00000000e62fd0f0,0x00000000e6300000)
  to   space 16384K, 0% used [0x00000000e9280000,0x00000000e9280000,0x00000000ea280000)
 ParOldGen       total 85504K, used 18554K [0x0000000082a00000, 0x0000000087d80000, 0x00000000d6380000)
  object space 85504K, 21% used [0x0000000082a00000,0x0000000083c1ea20,0x0000000087d80000)
 Metaspace       used 48132K, capacity 50106K, committed 50304K, reserved 1093632K
  class space    used 6393K, capacity 6728K, committed 6784K, reserved 1048576K
Event: 9.136 GC heap after
Heap after GC invocations=14 (full 2):
 PSYoungGen      total 263168K, used 10817K [0x00000000d6380000, 0x00000000ea280000, 0x0000000100000000)
  eden space 246784K, 0% used [0x00000000d6380000,0x00000000d6380000,0x00000000e5480000)
  from space 16384K, 66% used [0x00000000e9280000,0x00000000e9d107d8,0x00000000ea280000)
  to   space 14848K, 0% used [0x00000000e5480000,0x00000000e5480000,0x00000000e6300000)
 ParOldGen       total 85504K, used 28246K [0x0000000082a00000, 0x0000000087d80000, 0x00000000d6380000)
  object space 85504K, 33% used [0x0000000082a00000,0x00000000845959f0,0x0000000087d80000)
 Metaspace       used 48132K, capacity 50106K, committed 50304K, reserved 1093632K
  class space    used 6393K, capacity 6728K, committed 6784K, reserved 1048576K
}
Event: 10.749 GC heap before
{Heap before GC invocations=15 (full 2):
 PSYoungGen      total 263168K, used 257601K [0x00000000d6380000, 0x00000000ea280000, 0x0000000100000000)
  eden space 246784K, 100% used [0x00000000d6380000,0x00000000e5480000,0x00000000e5480000)
  from space 16384K, 66% used [0x00000000e9280000,0x00000000e9d107d8,0x00000000ea280000)
  to   space 14848K, 0% used [0x00000000e5480000,0x00000000e5480000,0x00000000e6300000)
 ParOldGen       total 85504K, used 28246K [0x0000000082a00000, 0x0000000087d80000, 0x00000000d6380000)
  object space 85504K, 33% used [0x0000000082a00000,0x00000000845959f0,0x0000000087d80000)
 Metaspace       used 51711K, capacity 54258K, committed 54528K, reserved 1095680K
  class space    used 6954K, capacity 7391K, committed 7424K, reserved 1048576K
Event: 10.761 GC heap after
Heap after GC invocations=15 (full 2):
 PSYoungGen      total 261632K, used 14835K [0x00000000d6380000, 0x00000000ea280000, 0x0000000100000000)
  eden space 246784K, 0% used [0x00000000d6380000,0x00000000d6380000,0x00000000e5480000)
  from space 14848K, 99% used [0x00000000e5480000,0x00000000e62fccb8,0x00000000e6300000)
  to   space 16384K, 0% used [0x00000000e9280000,0x00000000e9280000,0x00000000ea280000)
 ParOldGen       total 85504K, used 29377K [0x0000000082a00000, 0x0000000087d80000, 0x00000000d6380000)
  object space 85504K, 34% used [0x0000000082a00000,0x00000000846b0690,0x0000000087d80000)
 Metaspace       used 51711K, capacity 54258K, committed 54528K, reserved 1095680K
  class space    used 6954K, capacity 7391K, committed 7424K, reserved 1048576K
}
Event: 12.661 GC heap before
{Heap before GC invocations=16 (full 2):
 PSYoungGen      total 261632K, used 158905K [0x00000000d6380000, 0x00000000ea280000, 0x0000000100000000)
  eden space 246784K, 58% used [0x00000000d6380000,0x00000000df031aa8,0x00000000e5480000)
  from space 14848K, 99% used [0x00000000e5480000,0x00000000e62fccb8,0x00000000e6300000)
  to   space 16384K, 0% used [0x00000000e9280000,0x00000000e9280000,0x00000000ea280000)
 ParOldGen       total 85504K, used 29377K [0x0000000082a00000, 0x0000000087d80000, 0x00000000d6380000)
  object space 85504K, 34% used [0x0000000082a00000,0x00000000846b0690,0x0000000087d80000)
 Metaspace       used 56119K, capacity 58658K, committed 58752K, reserved 1103872K
  class space    used 7578K, capacity 8009K, committed 8064K, reserved 1048576K
Event: 12.676 GC heap after
Heap after GC invocations=16 (full 2):
 PSYoungGen      total 263168K, used 7316K [0x00000000d6380000, 0x00000000ea280000, 0x0000000100000000)
  eden space 246784K, 0% used [0x00000000d6380000,0x00000000d6380000,0x00000000e5480000)
  from space 16384K, 44% used [0x00000000e9280000,0x00000000e99a5218,0x00000000ea280000)
  to   space 14848K, 0% used [0x00000000e5480000,0x00000000e5480000,0x00000000e6300000)
 ParOldGen       total 85504K, used 40018K [0x0000000082a00000, 0x0000000087d80000, 0x00000000d6380000)
  object space 85504K, 46% used [0x0000000082a00000,0x0000000085114818,0x0000000087d80000)
 Metaspace       used 56119K, capacity 58658K, committed 58752K, reserved 1103872K
  class space    used 7578K, capacity 8009K, committed 8064K, reserved 1048576K
}
Event: 12.676 GC heap before
{Heap before GC invocations=17 (full 3):
 PSYoungGen      total 263168K, used 7316K [0x00000000d6380000, 0x00000000ea280000, 0x0000000100000000)
  eden space 246784K, 0% used [0x00000000d6380000,0x00000000d6380000,0x00000000e5480000)
  from space 16384K, 44% used [0x00000000e9280000,0x00000000e99a5218,0x00000000ea280000)
  to   space 14848K, 0% used [0x00000000e5480000,0x00000000e5480000,0x00000000e6300000)
 ParOldGen       total 85504K, used 40018K [0x0000000082a00000, 0x0000000087d80000, 0x00000000d6380000)
  object space 85504K, 46% used [0x0000000082a00000,0x0000000085114818,0x0000000087d80000)
 Metaspace       used 56119K, capacity 58658K, committed 58752K, reserved 1103872K
  class space    used 7578K, capacity 8009K, committed 8064K, reserved 1048576K

